[0mGET / [32m200 [0m10.832 ms - 207[0m
[0mGET /stylesheets/style.css [32m200 [0m3.020 ms - 111[0m
[0mGET /favicon.ico [33m404 [0m1.495 ms - 913[0m
internal/modules/cjs/loader.js:969
  throw err;
  ^

Error: Cannot find module './routes/index'
Require stack:
- /home/bitnami/lab3/app.js
- /home/bitnami/lab3/bin/www
    at Function.Module._resolveFilename (internal/modules/cjs/loader.js:966:15)
    at Function.Module._load (internal/modules/cjs/loader.js:842:27)
    at Module.require (internal/modules/cjs/loader.js:1026:19)
    at require (internal/modules/cjs/helpers.js:72:18)
    at Object.<anonymous> (/home/bitnami/lab3/app.js:8:19)
    at Module._compile (internal/modules/cjs/loader.js:1138:30)
    at Object.Module._extensions..js (internal/modules/cjs/loader.js:1158:10)
    at Module.load (internal/modules/cjs/loader.js:986:32)
    at Function.Module._load (internal/modules/cjs/loader.js:879:14)
    at Module.require (internal/modules/cjs/loader.js:1026:19)
    at require (internal/modules/cjs/helpers.js:72:18)
    at Object.<anonymous> (/home/bitnami/lab3/bin/www:7:11)
    at Module._compile (internal/modules/cjs/loader.js:1138:30)
    at Object.Module._extensions..js (internal/modules/cjs/loader.js:1158:10)
    at Module.load (internal/modules/cjs/loader.js:986:32)
    at Function.Module._load (internal/modules/cjs/loader.js:879:14) {
  code: 'MODULE_NOT_FOUND',
  requireStack: [ '/home/bitnami/lab3/app.js', '/home/bitnami/lab3/bin/www' ]
}
Mongoose connected to mongodb://blogs:itdobelikethat@localhost:27017/blogger
[0mGET /blog [36m304 [0m11.464 ms - -[0m
[0mGET /stylesheets/style.css [36m304 [0m1.212 ms - -[0m
[0mGET /css/bootstrap.min.css [36m304 [0m0.845 ms - -[0m
[0mGET /blog [32m200 [0m1.578 ms - 1604[0m
[0mGET /stylesheets/style.css [32m200 [0m1.689 ms - 111[0m
[0mGET /css/bootstrap.min.css [32m200 [0m0.673 ms - 160302[0m
[0mGET /favicon.ico [33m404 [0m1.376 ms - 1418[0m
[0mGET /blog [32m200 [0m2.286 ms - 1601[0m
[0mGET /stylesheets/style.css [32m200 [0m1.232 ms - 111[0m
[0mGET /css/bootstrap.min.css [32m200 [0m2.665 ms - 160302[0m
[0mGET /favicon.ico [33m404 [0m1.298 ms - 1418[0m
[0mGET /blog [32m200 [0m1.260 ms - 1604[0m
[0mGET /stylesheets/style.css [32m200 [0m1.314 ms - 111[0m
[0mGET /css/bootstrap.min.css [32m200 [0m3.584 ms - 160302[0m
[0mGET /favicon.ico [33m404 [0m1.091 ms - 1418[0m
[0mGET /blog/add [36m304 [0m385.001 ms - -[0m
[0mGET /stylesheets/style.css [36m304 [0m14.193 ms - -[0m
[0mGET /css/bootstrap.min.css [36m304 [0m24.275 ms - -[0m
[0mGET /favicon.ico [33m404 [0m27.126 ms - 1418[0m
[0mGET /blog/add [32m200 [0m83.367 ms - 713[0m
[0mGET /stylesheets/style.css [32m200 [0m7.091 ms - 111[0m
[0mGET /css/bootstrap.min.css [32m200 [0m5.650 ms - 160302[0m
[0mGET /favicon.ico [33m404 [0m5.400 ms - 1418[0m
[0mGET /blog/edit [33m404 [0m123.747 ms - 1418[0m
Mongoose disconnected
Mongoose disconnected through Heroku app shutdown
Mongoose connected to mongodb://blogs:itdobelikethat@localhost:27017/blogger
[0mGET /blog/ [32m200 [0m15.687 ms - 1598[0m
[0mGET /stylesheets/style.css [32m200 [0m2.667 ms - 111[0m
[0mGET /css/bootstrap.min.css [32m200 [0m2.356 ms - 160302[0m
[0mGET /favicon.ico [33m404 [0m1.954 ms - 1418[0m
[0mGET /blog/edit [32m200 [0m6.406 ms - 715[0m
[0mGET /stylesheets/style.css [36m304 [0m0.855 ms - -[0m
[0mGET /css/bootstrap.min.css [36m304 [0m0.526 ms - -[0m
[0mGET /blog/delete [32m200 [0m2.609 ms - 719[0m
[0mGET /css/bootstrap.min.css [36m304 [0m0.672 ms - -[0m
[0mGET /stylesheets/style.css [36m304 [0m2.466 ms - -[0m
[0mGET /blog [32m200 [0m2.228 ms - 1598[0m
[0mGET /stylesheets/style.css [36m304 [0m0.419 ms - -[0m
[0mGET /css/bootstrap.min.css [36m304 [0m0.552 ms - -[0m
[0mGET /blog [36m304 [0m1.714 ms - -[0m
[0mGET /stylesheets/style.css [36m304 [0m0.461 ms - -[0m
[0mGET /css/bootstrap.min.css [36m304 [0m0.636 ms - -[0m
[0mGET /blog/edit [36m304 [0m1.639 ms - -[0m
[0mGET /stylesheets/style.css [36m304 [0m0.633 ms - -[0m
[0mGET /css/bootstrap.min.css [36m304 [0m2.508 ms - -[0m
[0mGET /blog/add [36m304 [0m2.114 ms - -[0m
[0mGET /stylesheets/style.css [36m304 [0m0.807 ms - -[0m
[0mGET /css/bootstrap.min.css [36m304 [0m1.745 ms - -[0m
[0mGET /blog [36m304 [0m1.161 ms - -[0m
[0mGET /stylesheets/style.css [36m304 [0m0.814 ms - -[0m
[0mGET /css/bootstrap.min.css [36m304 [0m1.904 ms - -[0m
[0mGET /blog/edit [36m304 [0m1.446 ms - -[0m
[0mGET /stylesheets/style.css [36m304 [0m0.501 ms - -[0m
[0mGET /css/bootstrap.min.css [36m304 [0m0.600 ms - -[0m
[0mGET /stylesheets/style.css [36m304 [0m0.476 ms - -[0m
[0mGET /css/bootstrap.min.css [36m304 [0m0.519 ms - -[0m
[0mGET /blog [31m500 [0m308.612 ms - 2716[0m
[0mGET /favicon.ico [33m404 [0m106.589 ms - 1418[0m
[0mGET /blog [32m200 [0m3.694 ms - 2465[0m
[0mGET /stylesheets/style.css [32m200 [0m8.915 ms - 111[0m
[0mGET /css/fontawesome-all.css [33m404 [0m6.479 ms - 963[0m
[0mGET /css/bootstrap.min.css [32m200 [0m13.016 ms - 160302[0m
[0mGET /favicon.ico [33m404 [0m1.001 ms - 1418[0m
[0mGET /blog/edit [36m304 [0m3.181 ms - -[0m
[0mGET /css/bootstrap.min.css [36m304 [0m0.519 ms - -[0m
[0mGET /stylesheets/style.css [36m304 [0m0.380 ms - -[0m
[0mGET /stylesheets/style.css [36m304 [0m0.618 ms - -[0m
[0mGET /css/fontawesome-all.css [33m404 [0m11.026 ms - 963[0m
[0mGET /css/bootstrap.min.css [36m304 [0m3.512 ms - -[0m
[0mGET /css/bootstrap.min.css.map [32m200 [0m1.906 ms - 646357[0m
[0mGET /blog [32m200 [0m27.259 ms - 2517[0m
[0mGET /stylesheets/style.css [32m200 [0m1.631 ms - 111[0m
[0mGET /css/bootstrap.min.css [32m200 [0m1.935 ms - 160302[0m
[0mGET /css/bootstrap.min.css.map [36m304 [0m0.569 ms - -[0m
[0mGET /favicon.ico [33m404 [0m4.797 ms - 1418[0m
[0mGET /blog [32m200 [0m2.219 ms - 2487[0m
[0mGET /stylesheets/style.css [32m200 [0m0.628 ms - 111[0m
[0mGET /css/bootstrap.min.css [32m200 [0m11.650 ms - 160302[0m
[0mGET /css/bootstrap.min.css.map [36m304 [0m0.576 ms - -[0m
[0mGET /favicon.ico [33m404 [0m0.873 ms - 1418[0m
[0mGET /blog [32m200 [0m2.528 ms - 2487[0m
[0mGET /stylesheets/style.css [32m200 [0m0.652 ms - 111[0m
[0mGET /css/bootstrap.min.css [32m200 [0m0.755 ms - 160302[0m
[0mGET /css/bootstrap.min.css.map [36m304 [0m0.538 ms - -[0m
[0mGET /favicon.ico [33m404 [0m1.629 ms - 1418[0m
[0mGET /blog [32m200 [0m29.712 ms - 2532[0m
[0mGET /stylesheets/style.css [32m200 [0m1.250 ms - 111[0m
[0mGET /css/bootstrap.min.css [32m200 [0m1.520 ms - 160302[0m
[0mGET /css/bootstrap.min.css.map [36m304 [0m0.545 ms - -[0m
[0mGET /favicon.ico [33m404 [0m1.509 ms - 1418[0m
[0mGET /blog/delete [36m304 [0m14.431 ms - -[0m
[0mGET /stylesheets/style.css [36m304 [0m0.392 ms - -[0m
[0mGET /css/bootstrap.min.css [36m304 [0m0.495 ms - -[0m
[0mGET /css/bootstrap.min.css.map [36m304 [0m0.596 ms - -[0m
[0mGET /favicon.ico [33m404 [0m0.857 ms - 1418[0m
[0mGET /blog/delete [36m304 [0m5.034 ms - -[0m
[0mGET /stylesheets/style.css [36m304 [0m0.652 ms - -[0m
[0mGET /css/bootstrap.min.css [36m304 [0m0.975 ms - -[0m
[0mGET /css/bootstrap.min.css.map [36m304 [0m0.532 ms - -[0m
[0mGET / [36m304 [0m8.391 ms - -[0m
[0mGET /stylesheets/style.css [36m304 [0m0.356 ms - -[0m
[0mGET /css/bootstrap.min.css [36m304 [0m0.470 ms - -[0m
[0mGET /css/bootstrap.min.css.map [36m304 [0m0.503 ms - -[0m
[0mGET /blog [36m304 [0m1.413 ms - -[0m
[0mGET /stylesheets/style.css [36m304 [0m0.361 ms - -[0m
[0mGET /css/bootstrap.min.css [36m304 [0m0.457 ms - -[0m
[0mGET /css/bootstrap.min.css.map [36m304 [0m0.636 ms - -[0m
[0mGET /blog [32m200 [0m6.978 ms - 2532[0m
[0mGET /stylesheets/style.css [32m200 [0m1.195 ms - 111[0m
[0mGET /css/bootstrap.min.css [32m200 [0m1.457 ms - 160302[0m
[0mGET /css/bootstrap.min.css.map [36m304 [0m0.537 ms - -[0m
[0mGET /favicon.ico [33m404 [0m0.901 ms - 1418[0m
[0mGET /blog [32m200 [0m1.424 ms - 2232[0m
[0mGET /stylesheets/style.css [32m200 [0m0.524 ms - 111[0m
[0mGET /css/bootstrap.min.css [32m200 [0m0.621 ms - 160302[0m
[0mGET /css/bootstrap.min.css.map [36m304 [0m3.931 ms - -[0m
[0mGET /favicon.ico [33m404 [0m3.529 ms - 1418[0m
[0mGET /blog/edit [36m304 [0m1.858 ms - -[0m
[0mGET /css/bootstrap.min.css [36m304 [0m0.477 ms - -[0m
[0mGET /stylesheets/style.css [36m304 [0m0.299 ms - -[0m
[0mGET /css/bootstrap.min.css.map [36m304 [0m0.508 ms - -[0m
[0mGET /css/bootstrap.min.css.map [36m304 [0m0.671 ms - -[0m
[0mGET /blog/delete [36m304 [0m1.067 ms - -[0m
[0mGET /stylesheets/style.css [36m304 [0m0.421 ms - -[0m
[0mGET /css/bootstrap.min.css [36m304 [0m0.465 ms - -[0m
[0mGET /css/bootstrap.min.css.map [36m304 [0m0.538 ms - -[0m
[0mGET /css/bootstrap.min.css.map [36m304 [0m0.621 ms - -[0m
[0mGET /blog/edit [36m304 [0m2.634 ms - -[0m
[0mGET /stylesheets/style.css [36m304 [0m0.374 ms - -[0m
[0mGET /css/bootstrap.min.css [36m304 [0m0.508 ms - -[0m
[0mGET /blog [32m200 [0m1.274 ms - 2304[0m
[0mGET /stylesheets/style.css [32m200 [0m1.191 ms - 111[0m
[0mGET /css/bootstrap.min.css [32m200 [0m1.471 ms - 160302[0m
[0mGET /css/bootstrap.min.css.map [36m304 [0m0.498 ms - -[0m
[0mGET /favicon.ico [33m404 [0m1.399 ms - 1418[0m
[0mGET /blog [32m200 [0m1.358 ms - 2304[0m
[0mGET /stylesheets/style.css [32m200 [0m0.644 ms - 111[0m
[0mGET /css/bootstrap.min.css [32m200 [0m0.633 ms - 160302[0m
[0mGET /css/bootstrap.min.css.map [36m304 [0m0.611 ms - -[0m
[0mGET /favicon.ico [33m404 [0m0.993 ms - 1418[0m
[0mGET /blog [32m200 [0m1.970 ms - 2292[0m
[0mGET /stylesheets/style.css [32m200 [0m4.600 ms - 111[0m
[0mGET /css/bootstrap.min.css [32m200 [0m0.606 ms - 160302[0m
[0mGET /css/bootstrap.min.css.map [36m304 [0m0.535 ms - -[0m
[0mGET /favicon.ico [33m404 [0m0.779 ms - 1418[0m
[0mGET /blog [32m200 [0m1.367 ms - 2289[0m
[0mGET /stylesheets/style.css [32m200 [0m0.646 ms - 111[0m
[0mGET /css/bootstrap.min.css [32m200 [0m1.253 ms - 160302[0m
[0mGET /css/bootstrap.min.css.map [36m304 [0m0.614 ms - -[0m
[0mGET /favicon.ico [33m404 [0m6.150 ms - 1418[0m
[0mGET /blog [32m200 [0m1.419 ms - 2277[0m
[0mGET /stylesheets/style.css [32m200 [0m0.598 ms - 111[0m
[0mGET /css/bootstrap.min.css [32m200 [0m0.701 ms - 160302[0m
[0mGET /css/bootstrap.min.css.map [36m304 [0m0.602 ms - -[0m
[0mGET /favicon.ico [33m404 [0m1.035 ms - 1418[0m
[0mGET /blog/edit [36m304 [0m1.003 ms - -[0m
[0mGET /stylesheets/style.css [36m304 [0m0.335 ms - -[0m
[0mGET /css/bootstrap.min.css [36m304 [0m0.511 ms - -[0m
[0mGET /favicon.ico [33m404 [0m1.717 ms - 1418[0m
[0mGET /css/bootstrap.min.css.map [36m304 [0m0.450 ms - -[0m
[0mGET /blog [32m200 [0m1.624 ms - 2205[0m
[0mGET /stylesheets/style.css [36m304 [0m0.475 ms - -[0m
[0mGET /css/bootstrap.min.css [36m304 [0m0.659 ms - -[0m
[0mGET /css/bootstrap.min.css.map [36m304 [0m0.645 ms - -[0m
[0mGET /blog [32m200 [0m3.944 ms - 2205[0m
[0mGET /stylesheets/style.css [32m200 [0m0.487 ms - 111[0m
[0mGET /css/bootstrap.min.css [32m200 [0m0.668 ms - 160302[0m
[0mGET /css/bootstrap.min.css.map [36m304 [0m0.478 ms - -[0m
[0mGET /favicon.ico [33m404 [0m2.491 ms - 1418[0m
[0mGET /blog [32m200 [0m3.315 ms - 2205[0m
[0mGET /stylesheets/style.css [32m200 [0m0.904 ms - 111[0m
[0mGET /css/bootstrap.min.css [32m200 [0m2.015 ms - 160302[0m
[0mGET /css/bootstrap.min.css.map [36m304 [0m0.520 ms - -[0m
[0mGET /favicon.ico [33m404 [0m2.249 ms - 1418[0m
[0mGET /blog [32m200 [0m9.398 ms - 2238[0m
[0mGET /stylesheets/style.css [32m200 [0m0.860 ms - 111[0m
[0mGET /css/bootstrap.min.css [32m200 [0m1.777 ms - 160302[0m
[0mGET /css/bootstrap.min.css.map [36m304 [0m0.476 ms - -[0m
[0mGET /favicon.ico [33m404 [0m4.139 ms - 1418[0m
[0mGET /blog [32m200 [0m1.379 ms - 2238[0m
[0mGET /stylesheets/style.css [32m200 [0m0.482 ms - 111[0m
[0mGET /css/bootstrap.min.css [32m200 [0m0.715 ms - 160302[0m
[0mGET /css/bootstrap.min.css.map [36m304 [0m0.488 ms - -[0m
[0mGET /favicon.ico [33m404 [0m0.851 ms - 1418[0m
[0mGET /blog [32m200 [0m1.631 ms - 2274[0m
[0mGET /stylesheets/style.css [32m200 [0m1.268 ms - 111[0m
[0mGET /css/bootstrap.min.css [32m200 [0m1.532 ms - 160302[0m
[0mGET /css/bootstrap.min.css.map [36m304 [0m0.690 ms - -[0m
[0mGET /favicon.ico [33m404 [0m2.868 ms - 1418[0m
[0mGET /blog [32m200 [0m2.258 ms - 2385[0m
[0mGET /stylesheets/style.css [32m200 [0m0.557 ms - 111[0m
[0mGET /css/bootstrap.min.css [32m200 [0m0.601 ms - 160302[0m
[0mGET /css/bootstrap.min.css.map [36m304 [0m0.421 ms - -[0m
[0mGET /favicon.ico [33m404 [0m1.687 ms - 1418[0m
[0mGET /blog [32m200 [0m2.571 ms - 2421[0m
[0mGET /stylesheets/style.css [36m304 [0m0.440 ms - -[0m
[0mGET /css/bootstrap.min.css [36m304 [0m0.537 ms - -[0m
[0mGET /css/bootstrap.min.css.map [36m304 [0m0.751 ms - -[0m
[0mGET /blog [32m200 [0m2.994 ms - 2421[0m
[0mGET /stylesheets/style.css [32m200 [0m0.682 ms - 111[0m
[0mGET /css/bootstrap.min.css [32m200 [0m0.646 ms - 160302[0m
[0mGET /css/bootstrap.min.css.map [36m304 [0m0.535 ms - -[0m
[0mGET /favicon.ico [33m404 [0m0.853 ms - 1418[0m
[0mGET /blog [32m200 [0m2.341 ms - 2421[0m
[0mGET /stylesheets/style.css [32m200 [0m0.501 ms - 111[0m
[0mGET /css/bootstrap.min.css [32m200 [0m0.615 ms - 160302[0m
[0mGET /css/bootstrap.min.css.map [36m304 [0m0.431 ms - -[0m
[0mGET /favicon.ico [33m404 [0m2.774 ms - 1418[0m
[0mGET /blog [32m200 [0m1.522 ms - 2421[0m
[0mGET /stylesheets/style.css [36m304 [0m0.351 ms - -[0m
[0mGET /css/bootstrap.min.css [36m304 [0m0.431 ms - -[0m
[0mGET /css/bootstrap.min.css.map [36m304 [0m0.443 ms - -[0m
[0mGET / [36m304 [0m12.183 ms - -[0m
[0mGET /stylesheets/style.css [36m304 [0m0.439 ms - -[0m
[0mGET /css/bootstrap.min.css [36m304 [0m1.250 ms - -[0m
[0mGET /blog [36m304 [0m1.107 ms - -[0m
[0mGET /stylesheets/style.css [36m304 [0m0.331 ms - -[0m
[0mGET /css/bootstrap.min.css [36m304 [0m0.441 ms - -[0m
[0mGET /blog [32m200 [0m2.064 ms - 2426[0m
[0mGET /stylesheets/style.css [32m200 [0m0.451 ms - 111[0m
[0mGET /css/bootstrap.min.css [32m200 [0m0.598 ms - 160302[0m
[0mGET /css/bootstrap.min.css.map [36m304 [0m0.533 ms - -[0m
[0mGET /favicon.ico [33m404 [0m0.895 ms - 1418[0m
[0mGET /blog [32m200 [0m1.838 ms - 2426[0m
[0mGET /stylesheets/style.css [32m200 [0m0.897 ms - 111[0m
[0mGET /css/bootstrap.min.css [32m200 [0m1.887 ms - 160302[0m
[0mGET /css/bootstrap.min.css.map [36m304 [0m0.566 ms - -[0m
[0mGET /favicon.ico [33m404 [0m0.858 ms - 1418[0m
[0mGET /blog [32m200 [0m1.694 ms - 2431[0m
[0mGET /stylesheets/style.css [36m304 [0m0.361 ms - -[0m
[0mGET /css/bootstrap.min.css [36m304 [0m0.519 ms - -[0m
[0mGET /css/bootstrap.min.css.map [36m304 [0m0.555 ms - -[0m
[0mGET /blog [32m200 [0m1.692 ms - 2431[0m
[0mGET /stylesheets/style.css [36m304 [0m1.961 ms - -[0m
[0mGET /css/bootstrap.min.css [36m304 [0m0.546 ms - -[0m
[0mGET /css/bootstrap.min.css.map [36m304 [0m0.570 ms - -[0m
[0mGET /blog [32m200 [0m2.692 ms - 2431[0m
[0mGET /stylesheets/style.css [32m200 [0m0.699 ms - 111[0m
[0mGET /css/bootstrap.min.css [32m200 [0m0.726 ms - 160302[0m
[0mGET /favicon.ico [33m404 [0m1.019 ms - 1418[0m
[0mGET /blog [32m200 [0m1.993 ms - 2446[0m
[0mGET /stylesheets/style.css [32m200 [0m0.471 ms - 111[0m
[0mGET /css/bootstrap.min.css [32m200 [0m1.255 ms - 160302[0m
[0mGET /favicon.ico [33m404 [0m0.839 ms - 1418[0m
[0mGET /blog [32m200 [0m3.323 ms - 2446[0m
[0mGET /stylesheets/style.css [32m200 [0m0.483 ms - 111[0m
[0mGET /css/bootstrap.min.css [32m200 [0m0.573 ms - 160302[0m
[0mGET /favicon.ico [33m404 [0m0.858 ms - 1418[0m
[0mGET /blog [32m200 [0m1.350 ms - 2469[0m
[0mGET /stylesheets/style.css [32m200 [0m0.504 ms - 111[0m
[0mGET /css/bootstrap.min.css [32m200 [0m0.595 ms - 160302[0m
[0mGET /css/bootstrap.min.css.map [36m304 [0m0.470 ms - -[0m
[0mGET /favicon.ico [33m404 [0m0.907 ms - 1418[0m
[0mGET /stylesheets/style.css [36m304 [0m0.446 ms - -[0m
[0mGET /css/bootstrap.min.css [36m304 [0m0.488 ms - -[0m
[0mGET /css/bootstrap.min.css.map [36m304 [0m0.550 ms - -[0m
[0mGET /blog [32m200 [0m1.276 ms - 2469[0m
[0mGET /stylesheets/style.css [32m200 [0m1.140 ms - 111[0m
[0mGET /css/bootstrap.min.css [32m200 [0m1.263 ms - 160302[0m
[0mGET /css/bootstrap.min.css.map [36m304 [0m0.488 ms - -[0m
[0mGET /favicon.ico [33m404 [0m0.833 ms - 1418[0m
[0mGET /blog [32m200 [0m2.145 ms - 2515[0m
[0mGET /stylesheets/style.css [32m200 [0m0.539 ms - 111[0m
[0mGET /css/bootstrap.min.css [32m200 [0m1.523 ms - 160302[0m
[0mGET /css/bootstrap.min.css.map [36m304 [0m0.459 ms - -[0m
[0mGET /favicon.ico [33m404 [0m0.802 ms - 1418[0m
[0mGET /blog [32m200 [0m1.830 ms - 2453[0m
[0mGET /stylesheets/style.css [32m200 [0m0.605 ms - 111[0m
[0mGET /css/bootstrap.min.css [32m200 [0m0.740 ms - 160302[0m
[0mGET /css/bootstrap.min.css.map [36m304 [0m0.576 ms - -[0m
[0mGET /favicon.ico [33m404 [0m1.007 ms - 1418[0m
[0mGET /blog [32m200 [0m1.375 ms - 2460[0m
[0mGET /stylesheets/style.css [32m200 [0m0.463 ms - 111[0m
[0mGET /css/bootstrap.min.css [32m200 [0m0.564 ms - 160302[0m
[0mGET /css/bootstrap.min.css.map [36m304 [0m0.431 ms - -[0m
[0mGET /favicon.ico [33m404 [0m0.768 ms - 1418[0m
[0mGET /blog [32m200 [0m1.976 ms - 2483[0m
[0mGET /stylesheets/style.css [32m200 [0m0.494 ms - 111[0m
[0mGET /css/bootstrap.min.css [32m200 [0m0.575 ms - 160302[0m
[0mGET /favicon.ico [33m404 [0m0.954 ms - 1418[0m
[0mGET /blog [32m200 [0m1.805 ms - 2476[0m
[0mGET /stylesheets/style.css [32m200 [0m0.848 ms - 111[0m
[0mGET /css/bootstrap.min.css [32m200 [0m1.866 ms - 160302[0m
[0mGET /favicon.ico [33m404 [0m0.841 ms - 1418[0m
[0mGET /blog [32m200 [0m1.556 ms - 2483[0m
[0mGET /stylesheets/style.css [32m200 [0m0.795 ms - 111[0m
[0mGET /css/bootstrap.min.css [32m200 [0m1.720 ms - 160302[0m
[0mGET /favicon.ico [33m404 [0m0.907 ms - 1418[0m
[0mGET /blog [32m200 [0m2.417 ms - 2478[0m
[0mGET /stylesheets/style.css [32m200 [0m0.979 ms - 111[0m
[0mGET /css/bootstrap.min.css [32m200 [0m2.030 ms - 160302[0m
[0mGET /favicon.ico [33m404 [0m0.961 ms - 1418[0m
[0mGET /blog [32m200 [0m2.760 ms - 2501[0m
[0mGET /stylesheets/style.css [32m200 [0m0.544 ms - 111[0m
[0mGET /css/bootstrap.min.css [32m200 [0m0.705 ms - 160302[0m
[0mGET /favicon.ico [33m404 [0m0.838 ms - 1418[0m
[0mGET /blog [32m200 [0m3.222 ms - 2497[0m
[0mGET /stylesheets/style.css [32m200 [0m0.543 ms - 111[0m
[0mGET /css/bootstrap.min.css [32m200 [0m0.675 ms - 160302[0m
[0mGET /favicon.ico [33m404 [0m0.865 ms - 1418[0m
[0mGET /blog [32m200 [0m1.244 ms - 2532[0m
[0mGET /stylesheets/style.css [32m200 [0m2.277 ms - 111[0m
[0mGET /css/bootstrap.min.css [32m200 [0m3.388 ms - 160302[0m
[0mGET /favicon.ico [33m404 [0m0.822 ms - 1418[0m
[0mGET /stylesheets/style.css [36m304 [0m0.833 ms - -[0m
[0mGET /css/bootstrap.min.css [36m304 [0m2.860 ms - -[0m
[0mGET /css/bootstrap.min.css.map [36m304 [0m0.386 ms - -[0m
[0mGET /blog [32m200 [0m14.086 ms - 2553[0m
[0mGET /stylesheets/style.css [32m200 [0m0.679 ms - 111[0m
[0mGET /css/bootstrap.min.css [32m200 [0m0.728 ms - 160302[0m
[0mGET /css/bootstrap.min.css.map [36m304 [0m0.477 ms - -[0m
[0mGET /favicon.ico [33m404 [0m0.838 ms - 1418[0m
[0mGET /blog [32m200 [0m5.542 ms - 2574[0m
[0mGET /stylesheets/style.css [32m200 [0m0.625 ms - 111[0m
[0mGET /css/bootstrap.min.css [32m200 [0m0.764 ms - 160302[0m
[0mGET /css/bootstrap.min.css.map [36m304 [0m0.574 ms - -[0m
[0mGET /favicon.ico [33m404 [0m0.980 ms - 1418[0m
[0mGET /stylesheets/style.css [36m304 [0m0.502 ms - -[0m
[0mGET /css/bootstrap.min.css [36m304 [0m2.583 ms - -[0m
[0mGET /css/bootstrap.min.css.map [36m304 [0m0.418 ms - -[0m
[0mGET /blog [32m200 [0m1.717 ms - 2478[0m
[0mGET /stylesheets/style.css [32m200 [0m0.585 ms - 111[0m
[0mGET /css/bootstrap.min.css [32m200 [0m0.615 ms - 160302[0m
[0mGET /css/bootstrap.min.css.map [36m304 [0m0.524 ms - -[0m
[0mGET /favicon.ico [33m404 [0m0.898 ms - 1418[0m
[0mGET /blog [32m200 [0m2.144 ms - 2496[0m
[0mGET /stylesheets/style.css [36m304 [0m0.423 ms - -[0m
[0mGET /css/bootstrap.min.css [36m304 [0m0.536 ms - -[0m
[0mGET /css/bootstrap.min.css.map [36m304 [0m0.499 ms - -[0m
[0mGET /blog [32m200 [0m1.629 ms - 2496[0m
[0mGET /stylesheets/style.css [32m200 [0m0.716 ms - 111[0m
[0mGET /css/bootstrap.min.css [32m200 [0m0.725 ms - 160302[0m
[0mGET /css/bootstrap.min.css.map [36m304 [0m0.571 ms - -[0m
[0mGET /favicon.ico [33m404 [0m2.080 ms - 1418[0m
[0mGET /stylesheets/style.css [36m304 [0m1.033 ms - -[0m
[0mGET /css/bootstrap.min.css [36m304 [0m1.307 ms - -[0m
[0mGET /css/bootstrap.min.css.map [36m304 [0m0.528 ms - -[0m
[0mGET /blog [32m200 [0m2.190 ms - 2501[0m
[0mGET /stylesheets/style.css [32m200 [0m0.464 ms - 111[0m
[0mGET /css/bootstrap.min.css [32m200 [0m0.593 ms - 160302[0m
[0mGET /css/bootstrap.min.css.map [36m304 [0m0.440 ms - -[0m
[0mGET /favicon.ico [33m404 [0m0.820 ms - 1418[0m
[0mGET /css/bootstrap.min.css [36m304 [0m0.802 ms - -[0m
[0mGET /stylesheets/style.css [36m304 [0m0.368 ms - -[0m
[0mGET /css/bootstrap.min.css.map [36m304 [0m0.618 ms - -[0m
[0mGET /blog [32m200 [0m1.776 ms - 2481[0m
[0mGET /stylesheets/style.css [32m200 [0m0.620 ms - 111[0m
[0mGET /css/bootstrap.min.css [32m200 [0m0.760 ms - 160302[0m
[0mGET /css/bootstrap.min.css.map [36m304 [0m0.463 ms - -[0m
[0mGET /favicon.ico [33m404 [0m0.796 ms - 1418[0m
[0mGET /blog [32m200 [0m1.344 ms - 2535[0m
[0mGET /stylesheets/style.css [32m200 [0m0.448 ms - 111[0m
[0mGET /css/bootstrap.min.css [32m200 [0m0.555 ms - 160302[0m
[0mGET /css/bootstrap.min.css.map [36m304 [0m0.518 ms - -[0m
[0mGET /favicon.ico [33m404 [0m1.001 ms - 1418[0m
[0mGET /blog [32m200 [0m2.867 ms - 2496[0m
[0mGET /stylesheets/style.css [32m200 [0m0.437 ms - 111[0m
[0mGET /css/bootstrap.min.css [32m200 [0m0.590 ms - 160302[0m
[0mGET /css/bootstrap.min.css.map [36m304 [0m0.534 ms - -[0m
[0mGET /favicon.ico [33m404 [0m0.869 ms - 1418[0m
[0mGET /blog [32m200 [0m1.330 ms - 2491[0m
[0mGET /stylesheets/style.css [32m200 [0m1.224 ms - 111[0m
[0mGET /css/bootstrap.min.css [32m200 [0m1.400 ms - 160302[0m
[0mGET /css/bootstrap.min.css.map [36m304 [0m0.510 ms - -[0m
[0mGET /favicon.ico [33m404 [0m0.846 ms - 1418[0m
[0mGET /css/bootstrap.min.css [36m304 [0m1.483 ms - -[0m
[0mGET /stylesheets/style.css [36m304 [0m0.940 ms - -[0m
[0mGET /css/bootstrap.min.css.map [36m304 [0m3.562 ms - -[0m
[0mGET /blog [32m200 [0m2.394 ms - 2461[0m
[0mGET /stylesheets/style.css [32m200 [0m0.672 ms - 111[0m
[0mGET /css/bootstrap.min.css [32m200 [0m0.822 ms - 160302[0m
[0mGET /css/bootstrap.min.css.map [36m304 [0m0.592 ms - -[0m
[0mGET /favicon.ico [33m404 [0m0.984 ms - 1418[0m
[0mGET /blog [32m200 [0m2.013 ms - 2479[0m
[0mGET /stylesheets/style.css [32m200 [0m1.043 ms - 111[0m
[0mGET /css/bootstrap.min.css [32m200 [0m1.187 ms - 160302[0m
[0mGET /css/bootstrap.min.css.map [36m304 [0m0.503 ms - -[0m
[0mGET /favicon.ico [33m404 [0m0.819 ms - 1418[0m
[0mGET /css/bootstrap.min.css [36m304 [0m0.748 ms - -[0m
[0mGET /stylesheets/style.css [36m304 [0m0.425 ms - -[0m
[0mGET /css/bootstrap.min.css.map [36m304 [0m0.634 ms - -[0m
[0mGET /blog [32m200 [0m2.812 ms - 2485[0m
[0mGET /stylesheets/style.css [32m200 [0m0.455 ms - 111[0m
[0mGET /css/bootstrap.min.css [32m200 [0m0.549 ms - 160302[0m
[0mGET /css/bootstrap.min.css.map [36m304 [0m0.487 ms - -[0m
[0mGET /favicon.ico [33m404 [0m0.834 ms - 1418[0m
[0mGET /blog [32m200 [0m4.593 ms - 2508[0m
[0mGET /stylesheets/style.css [32m200 [0m0.639 ms - 111[0m
[0mGET /css/bootstrap.min.css [32m200 [0m0.723 ms - 160302[0m
[0mGET /favicon.ico [33m404 [0m1.424 ms - 1418[0m
[0mGET /css/bootstrap.min.css.map [36m304 [0m1.720 ms - -[0m
[0mGET /css/bootstrap.min.css [36m304 [0m0.546 ms - -[0m
[0mGET /stylesheets/style.css [36m304 [0m0.296 ms - -[0m
[0mGET /css/bootstrap.min.css.map [36m304 [0m0.431 ms - -[0m
[0mGET /blog [32m200 [0m1.326 ms - 2478[0m
[0mGET /stylesheets/style.css [32m200 [0m0.495 ms - 111[0m
[0mGET /css/bootstrap.min.css [32m200 [0m0.584 ms - 160302[0m
[0mGET /css/bootstrap.min.css.map [36m304 [0m1.312 ms - -[0m
[0mGET /favicon.ico [33m404 [0m0.758 ms - 1418[0m
[0mGET /blog [32m200 [0m1.598 ms - 2485[0m
[0mGET /stylesheets/style.css [32m200 [0m0.497 ms - 111[0m
[0mGET /css/bootstrap.min.css [32m200 [0m0.574 ms - 160302[0m
[0mGET /css/bootstrap.min.css.map [36m304 [0m0.553 ms - -[0m
[0mGET /favicon.ico [33m404 [0m0.917 ms - 1418[0m
[0mGET /blog [32m200 [0m19.164 ms - 2491[0m
[0mGET /stylesheets/style.css [32m200 [0m0.956 ms - 111[0m
[0mGET /css/bootstrap.min.css [32m200 [0m2.013 ms - 160302[0m
[0mGET /css/bootstrap.min.css.map [36m304 [0m0.447 ms - -[0m
[0mGET /favicon.ico [33m404 [0m0.842 ms - 1418[0m
[0mGET /blog [32m200 [0m3.549 ms - 2491[0m
[0mGET /stylesheets/style.css [32m200 [0m0.644 ms - 111[0m
[0mGET /css/bootstrap.min.css [32m200 [0m0.706 ms - 160302[0m
[0mGET /css/bootstrap.min.css.map [36m304 [0m0.572 ms - -[0m
[0mGET /favicon.ico [33m404 [0m0.907 ms - 1418[0m
[0mGET /blog [32m200 [0m1.045 ms - 2485[0m
[0mGET /stylesheets/style.css [32m200 [0m1.139 ms - 111[0m
[0mGET /css/bootstrap.min.css [32m200 [0m1.305 ms - 160302[0m
[0mGET /css/bootstrap.min.css.map [36m304 [0m0.459 ms - -[0m
[0mGET /favicon.ico [33m404 [0m0.783 ms - 1418[0m
[0mGET /blog [32m200 [0m23.340 ms - 2506[0m
[0mGET /stylesheets/style.css [32m200 [0m0.498 ms - 111[0m
[0mGET /css/bootstrap.min.css [32m200 [0m0.633 ms - 160302[0m
[0mGET /css/bootstrap.min.css.map [36m304 [0m0.467 ms - -[0m
[0mGET /favicon.ico [33m404 [0m0.797 ms - 1418[0m
[0mGET /blog [32m200 [0m2.346 ms - 2548[0m
[0mGET /stylesheets/style.css [32m200 [0m0.424 ms - 111[0m
[0mGET /css/bootstrap.min.css [32m200 [0m0.580 ms - 160302[0m
[0mGET /css/bootstrap.min.css.map [36m304 [0m0.463 ms - -[0m
[0mGET /favicon.ico [33m404 [0m1.615 ms - 1418[0m
[0mGET /blog [32m200 [0m1.895 ms - 2569[0m
[0mGET /stylesheets/style.css [32m200 [0m0.650 ms - 111[0m
[0mGET /css/bootstrap.min.css [32m200 [0m0.802 ms - 160302[0m
[0mGET /css/bootstrap.min.css.map [36m304 [0m0.657 ms - -[0m
[0mGET /favicon.ico [33m404 [0m1.047 ms - 1418[0m
[0mGET /blog [32m200 [0m2.321 ms - 2573[0m
[0mGET /stylesheets/style.css [32m200 [0m1.379 ms - 111[0m
[0mGET /css/bootstrap.min.css [32m200 [0m1.584 ms - 160302[0m
[0mGET /css/bootstrap.min.css.map [36m304 [0m0.520 ms - -[0m
[0mGET /favicon.ico [33m404 [0m0.920 ms - 1418[0m
[0mGET /blog [32m200 [0m1.577 ms - 2566[0m
[0mGET /stylesheets/style.css [32m200 [0m1.106 ms - 111[0m
[0mGET /css/bootstrap.min.css [32m200 [0m1.260 ms - 160302[0m
[0mGET /css/bootstrap.min.css.map [36m304 [0m0.430 ms - -[0m
[0mGET /favicon.ico [33m404 [0m0.897 ms - 1418[0m
[0mGET /blog [32m200 [0m1.270 ms - 2573[0m
[0mGET /stylesheets/style.css [32m200 [0m0.462 ms - 111[0m
[0mGET /css/bootstrap.min.css [32m200 [0m0.552 ms - 160302[0m
[0mGET /css/bootstrap.min.css.map [36m304 [0m0.531 ms - -[0m
[0mGET /favicon.ico [33m404 [0m0.878 ms - 1418[0m
[0mGET /blog [32m200 [0m1.424 ms - 2578[0m
[0mGET /stylesheets/style.css [32m200 [0m0.487 ms - 111[0m
[0mGET /css/bootstrap.min.css [32m200 [0m0.616 ms - 160302[0m
[0mGET /css/bootstrap.min.css.map [36m304 [0m0.444 ms - -[0m
[0mGET /favicon.ico [33m404 [0m0.793 ms - 1418[0m
[0mGET /blog [32m200 [0m2.101 ms - 2574[0m
[0mGET /stylesheets/style.css [32m200 [0m0.422 ms - 111[0m
[0mGET /css/bootstrap.min.css [32m200 [0m0.624 ms - 160302[0m
[0mGET /css/bootstrap.min.css.map [36m304 [0m0.484 ms - -[0m
[0mGET /favicon.ico [33m404 [0m5.982 ms - 1418[0m
[0mGET /blog [32m200 [0m1.978 ms - 2586[0m
[0mGET /stylesheets/style.css [32m200 [0m1.098 ms - 111[0m
[0mGET /css/bootstrap.min.css [32m200 [0m1.192 ms - 160302[0m
[0mGET /favicon.ico [33m404 [0m0.714 ms - 1418[0m
[0mGET /blog [32m200 [0m1.399 ms - 2574[0m
[0mGET /stylesheets/style.css [32m200 [0m0.524 ms - 111[0m
[0mGET /css/bootstrap.min.css [32m200 [0m0.582 ms - 160302[0m
[0mGET /favicon.ico [33m404 [0m0.900 ms - 1418[0m
[0mGET /blog [32m200 [0m2.187 ms - 2586[0m
[0mGET /stylesheets/style.css [32m200 [0m4.343 ms - 111[0m
[0mGET /css/bootstrap.min.css [32m200 [0m5.087 ms - 160302[0m
[0mGET /favicon.ico [33m404 [0m24.440 ms - 1418[0m
[0mGET /blog [32m200 [0m1.277 ms - 2586[0m
[0mGET /stylesheets/style.css [32m200 [0m0.473 ms - 111[0m
[0mGET /css/bootstrap.min.css [32m200 [0m0.618 ms - 160302[0m
[0mGET /favicon.ico [33m404 [0m0.738 ms - 1418[0m
[0mGET /stylesheets/style.css [36m304 [0m0.537 ms - -[0m
[0mGET /css/bootstrap.min.css [36m304 [0m1.459 ms - -[0m
[0mGET /css/bootstrap.min.css.map [36m304 [0m0.423 ms - -[0m
[0mGET /blog [32m200 [0m3.191 ms - 2646[0m
[0mGET /stylesheets/style.css [32m200 [0m0.551 ms - 111[0m
[0mGET /css/bootstrap.min.css [32m200 [0m0.570 ms - 160302[0m
[0mGET /favicon.ico [33m404 [0m1.706 ms - 1418[0m
[0mGET /css/bootstrap.min.css.map [36m304 [0m0.431 ms - -[0m
[0mGET /css/bootstrap.min.css [36m304 [0m0.730 ms - -[0m
[0mGET /stylesheets/style.css [36m304 [0m0.383 ms - -[0m
[0mGET /css/bootstrap.min.css.map [36m304 [0m0.660 ms - -[0m
[0mGET /css/bootstrap.min.css.map [36m304 [0m0.523 ms - -[0m
[0mGET /blog [32m200 [0m1.712 ms - 2616[0m
[0mGET /stylesheets/style.css [32m200 [0m0.577 ms - 111[0m
[0mGET /css/bootstrap.min.css [32m200 [0m0.678 ms - 160302[0m
[0mGET /css/bootstrap.min.css.map [36m304 [0m0.637 ms - -[0m
[0mGET /favicon.ico [33m404 [0m0.980 ms - 1418[0m
[0mGET /blog [32m200 [0m1.489 ms - 2628[0m
[0mGET /stylesheets/style.css [32m200 [0m0.658 ms - 111[0m
[0mGET /css/bootstrap.min.css [32m200 [0m0.649 ms - 160302[0m
[0mGET /favicon.ico [33m404 [0m5.124 ms - 1418[0m
[0mGET /blog [32m200 [0m1.390 ms - 2616[0m
[0mGET /stylesheets/style.css [32m200 [0m0.446 ms - 111[0m
[0mGET /css/bootstrap.min.css [32m200 [0m0.527 ms - 160302[0m
[0mGET /favicon.ico [33m404 [0m0.892 ms - 1418[0m
[0mGET / [36m304 [0m2.846 ms - -[0m
[0mGET /stylesheets/style.css [36m304 [0m0.619 ms - -[0m
[0mGET /css/bootstrap.min.css [36m304 [0m0.652 ms - -[0m
[0mGET /favicon.ico [33m404 [0m2.348 ms - 1418[0m
[0mGET / [36m304 [0m1.571 ms - -[0m
[0mGET /stylesheets/style.css [36m304 [0m0.400 ms - -[0m
[0mGET /css/bootstrap.min.css [36m304 [0m0.571 ms - -[0m
[0mGET /favicon.ico [33m404 [0m1.281 ms - 1418[0m
[0mGET /blog [36m304 [0m2.120 ms - -[0m
[0mGET /stylesheets/style.css [36m304 [0m0.403 ms - -[0m
[0mGET /css/bootstrap.min.css [36m304 [0m0.596 ms - -[0m
[0mGET / [36m304 [0m1.794 ms - -[0m
[0mGET /stylesheets/style.css [36m304 [0m0.776 ms - -[0m
[0mGET /css/bootstrap.min.css [36m304 [0m0.865 ms - -[0m
[0mGET / [36m304 [0m1.096 ms - -[0m
[0mGET /stylesheets/style.css [36m304 [0m0.406 ms - -[0m
[0mGET /css/bootstrap.min.css [36m304 [0m0.467 ms - -[0m
[0mGET / [32m200 [0m0.960 ms - 897[0m
Mongoose connected to mongodb://blogs:itdobelikethat@localhost:27017/blogger
Mongoose disconnected
Mongoose disconnected through Heroku app shutdown
Mongoose connected to mongodb://blogs:itdobelikethat@localhost:27017/blogger
Mongoose disconnected
Mongoose disconnected through Heroku app shutdown
Mongoose disconnected
Mongoose disconnected through Heroku app shutdown
Mongoose connected to mongodb://blogs:itdobelikethat@localhost:27017/blogger
[0mGET / [32m200 [0m13.875 ms - 897[0m
[0mGET /stylesheets/style.css [32m200 [0m5.125 ms - 111[0m
[0mGET /css/bootstrap.min.css [32m200 [0m5.823 ms - 160302[0m
[0mGET /favicon.ico [33m404 [0m1.526 ms - 1418[0m
[0mGET /blog [32m200 [0m2.572 ms - 2616[0m
[0mGET /stylesheets/style.css [36m304 [0m0.941 ms - -[0m
[0mGET /css/bootstrap.min.css [36m304 [0m0.561 ms - -[0m
[0mGET / [36m304 [0m2.051 ms - -[0m
[0mGET /stylesheets/style.css [36m304 [0m0.916 ms - -[0m
[0mGET /css/bootstrap.min.css [36m304 [0m1.158 ms - -[0m
[0mGET / [32m200 [0m1.085 ms - 897[0m
[0mGET / [32m200 [0m0.839 ms - 897[0m
[0mGET / [32m200 [0m1.323 ms - 897[0m
[0mGET / [32m200 [0m1.294 ms - 897[0m
[0mGET / [32m200 [0m0.855 ms - 897[0m
[0mGET / [32m200 [0m1.132 ms - 897[0m
[0mGET / [32m200 [0m1.238 ms - 897[0m
[0mGET / [32m200 [0m1.187 ms - 897[0m
[0mGET / [32m200 [0m0.984 ms - 897[0m
[0mGET / [32m200 [0m1.142 ms - 897[0m
[0mGET / [32m200 [0m0.983 ms - 897[0m
[0mGET / [32m200 [0m1.313 ms - 897[0m
[0mGET / [32m200 [0m0.999 ms - 897[0m
[0mGET / [32m200 [0m0.983 ms - 897[0m
[0mGET /favicon.ico [33m404 [0m1.236 ms - 1418[0m
[0mGET / [32m200 [0m0.978 ms - 897[0m
[0mGET / [32m200 [0m1.067 ms - 897[0m
[0mGET / [32m200 [0m0.934 ms - 897[0m
[0mGET / [32m200 [0m0.961 ms - 897[0m
[0mGET / [32m200 [0m1.058 ms - 897[0m
[0mGET / [32m200 [0m1.333 ms - 897[0m
[0mGET / [32m200 [0m0.959 ms - 897[0m
[0mGET / [32m200 [0m1.208 ms - 897[0m
[0mGET / [32m200 [0m1.507 ms - 897[0m
[0mGET /stylesheets/style.css [32m200 [0m86.709 ms - 111[0m
[0mGET /css/bootstrap.min.css [32m200 [0m79.125 ms - 160302[0m
[0mGET /favicon.ico [33m404 [0m0.863 ms - 1418[0m
[0mGET /blog [32m200 [0m2.077 ms - 2616[0m
[0mGET /stylesheets/style.css [36m304 [0m0.379 ms - -[0m
[0mGET /css/bootstrap.min.css [36m304 [0m0.451 ms - -[0m
[0mGET /favicon.ico [33m404 [0m0.937 ms - 1418[0m
[0mGET / [36m304 [0m1.187 ms - -[0m
[0mGET /stylesheets/style.css [36m304 [0m0.467 ms - -[0m
[0mGET /css/bootstrap.min.css [36m304 [0m0.703 ms - -[0m
[0mGET /blog [36m304 [0m1.221 ms - -[0m
[0mGET /stylesheets/style.css [36m304 [0m0.362 ms - -[0m
[0mGET /css/bootstrap.min.css [36m304 [0m0.514 ms - -[0m
[0mGET / [36m304 [0m0.996 ms - -[0m
[0mGET /stylesheets/style.css [36m304 [0m0.385 ms - -[0m
[0mGET /css/bootstrap.min.css [36m304 [0m0.517 ms - -[0m
[0mGET /blog [36m304 [0m1.475 ms - -[0m
[0mGET /stylesheets/style.css [36m304 [0m0.427 ms - -[0m
[0mGET /css/bootstrap.min.css [36m304 [0m0.637 ms - -[0m
[0mGET /blog/edit [32m200 [0m3.196 ms - 715[0m
[0mGET /stylesheets/style.css [36m304 [0m0.432 ms - -[0m
[0mGET /css/bootstrap.min.css [36m304 [0m0.598 ms - -[0m
[0mGET /favicon.ico [33m404 [0m2.004 ms - 1418[0m
[0mGET /blog/delete [32m200 [0m2.159 ms - 719[0m
[0mGET /stylesheets/style.css [36m304 [0m0.464 ms - -[0m
[0mGET /css/bootstrap.min.css [36m304 [0m0.632 ms - -[0m
[0mGET /favicon.ico [33m404 [0m1.115 ms - 1418[0m
[0mGET / [32m200 [0m1.045 ms - 897[0m
[0mGET / [32m200 [0m0.964 ms - 897[0m
[0mGET / [32m200 [0m0.677 ms - 897[0m
[0mGET / [32m200 [0m0.944 ms - 897[0m
[0mGET / [32m200 [0m2.057 ms - 897[0m
[0mGET / [32m200 [0m0.965 ms - 897[0m
[0mGET / [32m200 [0m0.927 ms - 897[0m
[0mHEAD / [32m200 [0m0.955 ms - 897[0m
[0mGET / [32m200 [0m1.169 ms - 897[0m
[0mGET /stylesheets/style.css [32m200 [0m0.607 ms - 111[0m
[0mGET /css/bootstrap.min.css [32m200 [0m0.644 ms - 160302[0m
[0mGET / [32m200 [0m1.289 ms - 897[0m
[0mGET / [32m200 [0m0.968 ms - 897[0m
[0mGET / [32m200 [0m1.712 ms - 897[0m
[0mGET / [32m200 [0m0.822 ms - 897[0m
[0mGET / [32m200 [0m1.014 ms - 897[0m
[0mGET / [32m200 [0m0.820 ms - 897[0m
[0mGET / [32m200 [0m1.158 ms - 897[0m
[0mGET / [32m200 [0m0.946 ms - 897[0m
[0mGET / [32m200 [0m0.961 ms - 897[0m
[0mGET / [32m200 [0m0.735 ms - 897[0m
[0mGET / [36m304 [0m1.291 ms - -[0m
[0mGET /stylesheets/style.css [36m304 [0m0.418 ms - -[0m
[0mGET /css/bootstrap.min.css [32m200 [0m0.854 ms - 160302[0m
[0mGET /favicon.ico [33m404 [0m1.028 ms - 1418[0m
[0mGET /blog [36m304 [0m1.519 ms - -[0m
[0mGET /stylesheets/style.css [36m304 [0m0.635 ms - -[0m
[0mGET /css/bootstrap.min.css [36m304 [0m1.504 ms - -[0m
[0mGET / [36m304 [0m1.114 ms - -[0m
[0mGET /stylesheets/style.css [36m304 [0m1.223 ms - -[0m
[0mGET /css/bootstrap.min.css [36m304 [0m0.532 ms - -[0m
Mongoose disconnected
Mongoose disconnected through Heroku app shutdown
Mongoose connected to mongodb://blogs:itdobelikethat@localhost:27017/blogger
Mongoose disconnected
Mongoose disconnected through Heroku app shutdown
Mongoose connected to mongodb://blogs:itdobelikethat@localhost:27017/blogger
[0mGET / [32m200 [0m11.790 ms - 897[0m
[0mGET /stylesheets/style.css [32m200 [0m3.620 ms - 111[0m
[0mGET /css/bootstrap.min.css [32m200 [0m4.443 ms - 160302[0m
[0mGET / [36m304 [0m2.158 ms - -[0m
[0mGET /stylesheets/style.css [36m304 [0m0.820 ms - -[0m
[0mGET /css/bootstrap.min.css [36m304 [0m0.701 ms - -[0m
[0mGET /blog [32m200 [0m2.530 ms - 2616[0m
[0mGET /stylesheets/style.css [36m304 [0m0.520 ms - -[0m
[0mGET /css/bootstrap.min.css [36m304 [0m1.424 ms - -[0m
[0mGET /blog/edit [32m200 [0m1.408 ms - 715[0m
[0mGET /stylesheets/style.css [36m304 [0m0.867 ms - -[0m
[0mGET /css/bootstrap.min.css [36m304 [0m1.054 ms - -[0m
[0mGET /blog/delete [32m200 [0m1.393 ms - 719[0m
[0mGET /stylesheets/style.css [36m304 [0m0.426 ms - -[0m
[0mGET /css/bootstrap.min.css [36m304 [0m0.559 ms - -[0m
[0mGET / [36m304 [0m1.149 ms - -[0m
[0mGET /stylesheets/style.css [36m304 [0m0.881 ms - -[0m
[0mGET /css/bootstrap.min.css [36m304 [0m1.101 ms - -[0m
[0mGET /blog [36m304 [0m1.608 ms - -[0m
[0mGET /stylesheets/style.css [36m304 [0m0.422 ms - -[0m
[0mGET /css/bootstrap.min.css [36m304 [0m0.558 ms - -[0m
[0mGET / [36m304 [0m1.152 ms - -[0m
[0mGET /stylesheets/style.css [36m304 [0m0.923 ms - -[0m
[0mGET /css/bootstrap.min.css [36m304 [0m1.065 ms - -[0m
[0mGET / [36m304 [0m1.413 ms - -[0m
[0mGET /stylesheets/style.css [36m304 [0m0.969 ms - -[0m
[0mGET /css/bootstrap.min.css [36m304 [0m1.263 ms - -[0m
[0mGET /stylesheets/style.css [36m304 [0m1.966 ms - -[0m
[0mGET /css/bootstrap.min.css [36m304 [0m3.037 ms - -[0m
[0mGET / [32m200 [0m1.009 ms - 897[0m
[0mGET /stylesheets/style.css [32m200 [0m0.698 ms - 111[0m
[0mGET /css/bootstrap.min.css [32m200 [0m0.773 ms - 160302[0m
[0mGET /blog [32m200 [0m1.178 ms - 2616[0m
[0mGET /stylesheets/style.css [36m304 [0m0.337 ms - -[0m
[0mGET /css/bootstrap.min.css [36m304 [0m0.577 ms - -[0m
[0mGET /blog/add [32m200 [0m2.062 ms - 713[0m
[0mGET /css/bootstrap.min.css [36m304 [0m0.617 ms - -[0m
[0mGET /stylesheets/style.css [36m304 [0m0.361 ms - -[0m
[0mGET /blog [36m304 [0m1.614 ms - -[0m
[0mGET /css/bootstrap.min.css [36m304 [0m0.652 ms - -[0m
[0mGET /stylesheets/style.css [36m304 [0m0.425 ms - -[0m
[0mGET / [36m304 [0m1.478 ms - -[0m
[0mGET /stylesheets/style.css [36m304 [0m0.476 ms - -[0m
[0mGET /css/bootstrap.min.css [36m304 [0m0.640 ms - -[0m
[0mGET / [32m200 [0m1.120 ms - 897[0m
[0mGET /stylesheets/style.css [36m304 [0m0.419 ms - -[0m
[0mGET /css/bootstrap.min.css [36m304 [0m0.653 ms - -[0m
[0mGET /config/getuser?index=0 [33m404 [0m1.663 ms - 1418[0m
[0mHEAD / [32m200 [0m0.929 ms - 897[0m
[0mPOST /GponForm/diag_Form?images/ [33m404 [0m1.203 ms - 1413[0m
[0mHEAD / [32m200 [0m0.942 ms - 897[0m
[0mGET / [32m200 [0m1.198 ms - 897[0m
[0mGET / [32m200 [0m1.379 ms - 897[0m
[0mGET / [32m200 [0m1.399 ms - 897[0m
[0mGET / [32m200 [0m0.937 ms - 897[0m
[0mPOST /GponForm/diag_Form?images/ [33m404 [0m0.849 ms - 1413[0m
[0mPOST /GponForm/diag_Form?images/ [33m404 [0m0.814 ms - 1413[0m
[0mGET /portal/redlion [33m404 [0m1.092 ms - 1418[0m
[0mGET / [32m200 [0m1.091 ms - 897[0m
[0mGET http://example.com/ [32m200 [0m0.973 ms - 897[0m
[0mGET /config/getuser?index=0 [33m404 [0m1.137 ms - 1418[0m
[0mGET /Telerik.Web.UI.WebResource.axd?type=rau [33m404 [0m0.935 ms - 1418[0m
[0mHEAD / [32m200 [0m0.959 ms - 897[0m
[0mGET /t [33m404 [0m1.043 ms - 1418[0m
[0mGET / [32m200 [0m1.268 ms - 897[0m
[0mGET /favicon.ico [33m404 [0m0.910 ms - 1418[0m
[0mPOST /HNAP1/ [33m404 [0m1.687 ms - 1413[0m
[0mGET /ReportServer [33m404 [0m0.964 ms - 1418[0m
[0mGET / [32m200 [0m1.514 ms - 897[0m
[0mGET /.env [33m404 [0m1.171 ms - 1418[0m
[0mPOST / [33m404 [0m34.584 ms - 1413[0m
[0mGET / [32m200 [0m1.612 ms - 897[0m
[0mGET / [32m200 [0m0.826 ms - 897[0m
[0mGET /hudson [33m404 [0m0.921 ms - 1418[0m
[0mGET / [32m200 [0m1.113 ms - 897[0m
[0mGET /config/getuser?index=0 [33m404 [0m1.292 ms - 1418[0m
[0mGET / [32m200 [0m0.963 ms - 897[0m
[0mGET / [32m200 [0m0.975 ms - 897[0m
[0mGET /solr/admin/info/system?wt=json [33m404 [0m1.051 ms - 1418[0m
[0mGET / [32m200 [0m0.921 ms - 897[0m
[0mGET /?XDEBUG_SESSION_START=phpstorm [32m200 [0m1.320 ms - 897[0m
[0mGET /?a=fetch&content=<php>die(@md5(HelloThinkCMF))</php> [32m200 [0m1.162 ms - 897[0m
[0mGET /index.php?s=/Index/\think\app/invokefunction&function=call_user_func_array&vars[0]=md5&vars[1][]=HelloThinkPHP [33m404 [0m1.411 ms - 1418[0m
[0mGET / [32m200 [0m1.060 ms - 897[0m
[0mGET / [32m200 [0m1.077 ms - 897[0m
Mongoose connected to mongodb://blogs:itdobelikethat@localhost:27017/blogger
